DEBUG main org.apache.axis.description.OperationDesc - @309e345f added parameter >name:       {http://tempuri.org/}u9Pwd
typeEntry:  null
mode:       IN
position:   2
isReturn:   false
typeQName:  {http://www.w3.org/2001/XMLSchema}string
javaType:   class java.lang.String
inHeader:   false
outHeader:  false
@4445629<total parameters:3
DEBUG main org.apache.axis.description.OperationDesc - @309e345f added parameter >name:       {http://tempuri.org/}u9Org
typeEntry:  null
mode:       IN
position:   3
isReturn:   false
typeQName:  {http://www.w3.org/2001/XMLSchema}string
javaType:   class java.lang.String
inHeader:   false
outHeader:  false
@45b9a632<total parameters:4
DEBUG main org.apache.axis.description.OperationDesc - @309e345fsetReturnType({http://www.w3.org/2001/XMLSchema}string)
DEBUG main org.apache.axis.description.OperationDesc - @25d250c6 added parameter >name:       {http://tempuri.org/}xml
typeEntry:  null
mode:       IN
position:   0
isReturn:   false
typeQName:  {http://www.w3.org/2001/XMLSchema}string
javaType:   class java.lang.String
inHeader:   false
outHeader:  false
@4df50bcc<total parameters:1
DEBUG main org.apache.axis.description.OperationDesc - @25d250c6 added parameter >name:       {http://tempuri.org/}u9User
typeEntry:  null
mode:       IN
position:   1
isReturn:   false
typeQName:  {http://www.w3.org/2001/XMLSchema}string
javaType:   class java.lang.String
inHeader:   false
outHeader:  false
@6b26e945<total parameters:2
DEBUG main org.apache.axis.description.OperationDesc - @25d250c6 added parameter >name:       {http://tempuri.org/}u9Pwd
typeEntry:  null
mode:       IN
position:   2
isReturn:   false
typeQName:  {http://www.w3.org/2001/XMLSchema}string
javaType:   class java.lang.String
inHeader:   false
outHeader:  false
@63a65a25<total parameters:3
DEBUG main org.apache.axis.description.OperationDesc - @25d250c6 added parameter >name:       {http://tempuri.org/}u9Org
typeEntry:  null
mode:       IN
position:   3
isReturn:   false
typeQName:  {http://www.w3.org/2001/XMLSchema}string
javaType:   class java.lang.String
inHeader:   false
outHeader:  false
@54c562f7<total parameters:4
DEBUG main org.apache.axis.description.OperationDesc - @25d250c6setReturnType({http://www.w3.org/2001/XMLSchema}string)
DEBUG main org.apache.axis.description.OperationDesc - @318ba8c8 added parameter >name:       {http://tempuri.org/}xml
typeEntry:  null
mode:       IN
position:   0
isReturn:   false
typeQName:  {http://www.w3.org/2001/XMLSchema}string
javaType:   class java.lang.String
inHeader:   false
outHeader:  false
@6dbb137d<total parameters:1
DEBUG main org.apache.axis.description.OperationDesc - @318ba8c8 added parameter >name:       {http://tempuri.org/}u9User
typeEntry:  null
mode:       IN
position:   1
isReturn:   false
typeQName:  {http://www.w3.org/2001/XMLSchema}string
javaType:   class java.lang.String
inHeader:   false
outHeader:  false
@3c9d0b9d<total parameters:2
DEBUG main org.apache.axis.description.OperationDesc - @318ba8c8 added parameter >name:       {http://tempuri.org/}u9Pwd
typeEntry:  null
mode:       IN
position:   2
isReturn:   false
typeQName:  {http://www.w3.org/2001/XMLSchema}string
javaType:   class java.lang.String
inHeader:   false
outHeader:  false
@43301423<total parameters:3
DEBUG main org.apache.axis.description.OperationDesc - @318ba8c8 added parameter >name:       {http://tempuri.org/}u9Org
typeEntry:  null
mode:       IN
position:   3
isReturn:   false
typeQName:  {http://www.w3.org/2001/XMLSchema}string
javaType:   class java.lang.String
inHeader:   false
outHeader:  false
@2f112965<total parameters:4
DEBUG main org.apache.axis.description.OperationDesc - @318ba8c8setReturnType({http://www.w3.org/2001/XMLSchema}string)
DEBUG main org.apache.axis.description.OperationDesc - @1a04f701 added parameter >name:       {http://tempuri.org/}xml
typeEntry:  null
mode:       IN
position:   0
isReturn:   false
typeQName:  {http://www.w3.org/2001/XMLSchema}string
javaType:   class java.lang.String
inHeader:   false
outHeader:  false
@4e91d63f<total parameters:1
DEBUG main org.apache.axis.description.OperationDesc - @1a04f701 added parameter >name:       {http://tempuri.org/}u9User
typeEntry:  null
mode:       IN
position:   1
isReturn:   false
typeQName:  {http://www.w3.org/2001/XMLSchema}string
javaType:   class java.lang.String
inHeader:   false
outHeader:  false
@d4342c2<total parameters:2
DEBUG main org.apache.axis.description.OperationDesc - @1a04f701 added parameter >name:       {http://tempuri.org/}u9Pwd
typeEntry:  null
mode:       IN
position:   2
isReturn:   false
typeQName:  {http://www.w3.org/2001/XMLSchema}string
javaType:   class java.lang.String
inHeader:   false
outHeader:  false
@2bbf180e<total parameters:3
DEBUG main org.apache.axis.description.OperationDesc - @1a04f701 added parameter >name:       {http://tempuri.org/}u9Org
typeEntry:  null
mode:       IN
position:   3
isReturn:   false
typeQName:  {http://www.w3.org/2001/XMLSchema}string
javaType:   class java.lang.String
inHeader:   false
outHeader:  false
@163e4e87<total parameters:4
DEBUG main org.apache.axis.description.OperationDesc - @1a04f701setReturnType({http://www.w3.org/2001/XMLSchema}string)
DEBUG main org.apache.axis.description.OperationDesc - @56de5251 added parameter >name:       {http://tempuri.org/}xml
typeEntry:  null
mode:       IN
position:   0
isReturn:   false
typeQName:  {http://www.w3.org/2001/XMLSchema}string
javaType:   class java.lang.String
inHeader:   false
outHeader:  false
@419c5f1a<total parameters:1
DEBUG main org.apache.axis.description.OperationDesc - @56de5251 added parameter >name:       {http://tempuri.org/}u9User
typeEntry:  null
mode:       IN
position:   1
isReturn:   false
typeQName:  {http://www.w3.org/2001/XMLSchema}string
javaType:   class java.lang.String
inHeader:   false
outHeader:  false
@12b0404f<total parameters:2
DEBUG main org.apache.axis.description.OperationDesc - @56de5251 added parameter >name:       {http://tempuri.org/}u9Pwd
typeEntry:  null
mode:       IN
position:   2
isReturn:   false
typeQName:  {http://www.w3.org/2001/XMLSchema}string
javaType:   class java.lang.String
inHeader:   false
outHeader:  false
@769e7ee8<total parameters:3
DEBUG main org.apache.axis.description.OperationDesc - @56de5251 added parameter >name:       {http://tempuri.org/}u9Org
typeEntry:  null
mode:       IN
position:   3
isReturn:   false
typeQName:  {http://www.w3.org/2001/XMLSchema}string
javaType:   class java.lang.String
inHeader:   false
outHeader:  false
@5276e6b0<total parameters:4
DEBUG main org.apache.axis.description.OperationDesc - @56de5251setReturnType({http://www.w3.org/2001/XMLSchema}string)
DEBUG main org.apache.axis.description.OperationDesc - @71b1176b added parameter >name:       {http://tempuri.org/}xml
typeEntry:  null
mode:       IN
position:   0
isReturn:   false
typeQName:  {http://www.w3.org/2001/XMLSchema}string
javaType:   class java.lang.String
inHeader:   false
outHeader:  false
@6193932a<total parameters:1
DEBUG main org.apache.axis.description.OperationDesc - @71b1176b added parameter >name:       {http://tempuri.org/}u9User
typeEntry:  null
mode:       IN
position:   1
isReturn:   false
typeQName:  {http://www.w3.org/2001/XMLSchema}string
javaType:   class java.lang.String
inHeader:   false
outHeader:  false
@647fd8ce<total parameters:2
DEBUG main org.apache.axis.description.OperationDesc - @71b1176b added parameter >name:       {http://tempuri.org/}u9Pwd
typeEntry:  null
mode:       IN
position:   2
isReturn:   false
typeQName:  {http://www.w3.org/2001/XMLSchema}string
javaType:   class java.lang.String
inHeader:   false
outHeader:  false
@159f197<total parameters:3
DEBUG main org.apache.axis.description.OperationDesc - @71b1176b added parameter >name:       {http://tempuri.org/}u9Org
typeEntry:  null
mode:       IN
position:   3
isReturn:   false
typeQName:  {http://www.w3.org/2001/XMLSchema}string
javaType:   class java.lang.String
inHeader:   false
outHeader:  false
@78aab498<total parameters:4
DEBUG main org.apache.axis.description.OperationDesc - @71b1176bsetReturnType({http://www.w3.org/2001/XMLSchema}string)
DEBUG main org.apache.axis.description.OperationDesc - @5dd6264 added parameter >name:       {http://tempuri.org/}xml
typeEntry:  null
mode:       IN
position:   0
isReturn:   false
typeQName:  {http://www.w3.org/2001/XMLSchema}string
javaType:   class java.lang.String
inHeader:   false
outHeader:  false
@1ffe63b9<total parameters:1
DEBUG main org.apache.axis.description.OperationDesc - @5dd6264 added parameter >name:       {http://tempuri.org/}u9User
typeEntry:  null
mode:       IN
position:   1
isReturn:   false
typeQName:  {http://www.w3.org/2001/XMLSchema}string
javaType:   class java.lang.String
inHeader:   false
outHeader:  false
@51e5fc98<total parameters:2
DEBUG main org.apache.axis.description.OperationDesc - @5dd6264 added parameter >name:       {http://tempuri.org/}u9Pwd
typeEntry:  null
mode:       IN
position:   2
isReturn:   false
typeQName:  {http://www.w3.org/2001/XMLSchema}string
javaType:   class java.lang.String
inHeader:   false
outHeader:  false
@7c469c48<total parameters:3
DEBUG main org.apache.axis.description.OperationDesc - @5dd6264 added parameter >name:       {http://tempuri.org/}u9Org
typeEntry:  null
mode:       IN
position:   3
isReturn:   false
typeQName:  {http://www.w3.org/2001/XMLSchema}string
javaType:   class java.lang.String
inHeader:   false
outHeader:  false
@12e61fe6<total parameters:4
DEBUG main org.apache.axis.description.OperationDesc - @5dd6264setReturnType({http://www.w3.org/2001/XMLSchema}string)
DEBUG main org.apache.axis.description.OperationDesc - @7ee955a8 added parameter >name:       {http://tempuri.org/}payXml
typeEntry:  null
mode:       IN
position:   0
isReturn:   false
typeQName:  {http://www.w3.org/2001/XMLSchema}string
javaType:   class java.lang.String
inHeader:   false
outHeader:  false
@1677d1<total parameters:1
DEBUG main org.apache.axis.description.OperationDesc - @7ee955a8 added parameter >name:       {http://tempuri.org/}u9User
typeEntry:  null
mode:       IN
position:   1
isReturn:   false
typeQName:  {http://www.w3.org/2001/XMLSchema}string
javaType:   class java.lang.String
inHeader:   false
outHeader:  false
@48fa0f47<total parameters:2
DEBUG main org.apache.axis.description.OperationDesc - @7ee955a8 added parameter >name:       {http://tempuri.org/}u9Pwd
typeEntry:  null
mode:       IN
position:   2
isReturn:   false
typeQName:  {http://www.w3.org/2001/XMLSchema}string
javaType:   class java.lang.String
inHeader:   false
outHeader:  false
@6ac13091<total parameters:3
DEBUG main org.apache.axis.description.OperationDesc - @7ee955a8 added parameter >name:       {http://tempuri.org/}u9Org
typeEntry:  null
mode:       IN
position:   3
isReturn:   false
typeQName:  {http://www.w3.org/2001/XMLSchema}string
javaType:   class java.lang.String
inHeader:   false
outHeader:  false
@5e316c74<total parameters:4
DEBUG main org.apache.axis.description.OperationDesc - @7ee955a8setReturnType({http://www.w3.org/2001/XMLSchema}string)
DEBUG main org.apache.axis.description.OperationDesc - @6d2a209c added parameter >name:       {http://tempuri.org/}xml
typeEntry:  null
mode:       IN
position:   0
isReturn:   false
typeQName:  {http://www.w3.org/2001/XMLSchema}string
javaType:   class java.lang.String
inHeader:   false
outHeader:  false
@75329a49<total parameters:1
DEBUG main org.apache.axis.description.OperationDesc - @6d2a209c added parameter >name:       {http://tempuri.org/}u9User
typeEntry:  null
mode:       IN
position:   1
isReturn:   false
typeQName:  {http://www.w3.org/2001/XMLSchema}string
javaType:   class java.lang.String
inHeader:   false
outHeader:  false
@161479c6<total parameters:2
DEBUG main org.apache.axis.description.OperationDesc - @6d2a209c added parameter >name:       {http://tempuri.org/}u9Pwd
typeEntry:  null
mode:       IN
position:   2
isReturn:   false
typeQName:  {http://www.w3.org/2001/XMLSchema}string
javaType:   class java.lang.String
inHeader:   false
outHeader:  false
@4313f5bc<total parameters:3
DEBUG main org.apache.axis.description.OperationDesc - @6d2a209c added parameter >name:       {http://tempuri.org/}u9Org
typeEntry:  null
mode:       IN
position:   3
isReturn:   false
typeQName:  {http://www.w3.org/2001/XMLSchema}string
javaType:   class java.lang.String
inHeader:   false
outHeader:  false
@7f010382<total parameters:4
DEBUG main org.apache.axis.description.OperationDesc - @6d2a209csetReturnType({http://www.w3.org/2001/XMLSchema}string)
DEBUG main org.apache.axis.description.OperationDesc - @1e802ef9 added parameter >name:       {http://tempuri.org/}xml
typeEntry:  null
mode:       IN
position:   0
isReturn:   false
typeQName:  {http://www.w3.org/2001/XMLSchema}string
javaType:   class java.lang.String
inHeader:   false
outHeader:  false
@2b6faea6<total parameters:1
DEBUG main org.apache.axis.description.OperationDesc - @1e802ef9 added parameter >name:       {http://tempuri.org/}u9User
typeEntry:  null
mode:       IN
position:   1
isReturn:   false
typeQName:  {http://www.w3.org/2001/XMLSchema}string
javaType:   class java.lang.String
inHeader:   false
outHeader:  false
@778d1062<total parameters:2
DEBUG main org.apache.axis.description.OperationDesc - @1e802ef9 added parameter >name:       {http://tempuri.org/}u9Pwd
typeEntry:  null
mode:       IN
position:   2
isReturn:   false
typeQName:  {http://www.w3.org/2001/XMLSchema}string
javaType:   class java.lang.String
inHeader:   false
outHeader:  false
@670002<total parameters:3
DEBUG main org.apache.axis.description.OperationDesc - @1e802ef9 added parameter >name:       {http://tempuri.org/}u9Org
typeEntry:  null
mode:       IN
position:   3
isReturn:   false
typeQName:  {http://www.w3.org/2001/XMLSchema}string
javaType:   class java.lang.String
inHeader:   false
outHeader:  false
@1f0f1111<total parameters:4
DEBUG main org.apache.axis.description.OperationDesc - @1e802ef9setReturnType({http://www.w3.org/2001/XMLSchema}string)
DEBUG main org.apache.axis.description.OperationDesc - @49c386c8 added parameter >name:       {http://tempuri.org/}xml
typeEntry:  null
mode:       IN
position:   0
isReturn:   false
typeQName:  {http://www.w3.org/2001/XMLSchema}string
javaType:   class java.lang.String
inHeader:   false
outHeader:  false
@56528192<total parameters:1
DEBUG main org.apache.axis.description.OperationDesc - @49c386c8 added parameter >name:       {http://tempuri.org/}u9User
typeEntry:  null
mode:       IN
position:   1
isReturn:   false
typeQName:  {http://www.w3.org/2001/XMLSchema}string
javaType:   class java.lang.String
inHeader:   false
outHeader:  false
@6e0dec4a<total parameters:2
DEBUG main org.apache.axis.description.OperationDesc - @49c386c8 added parameter >name:       {http://tempuri.org/}u9Pwd
typeEntry:  null
mode:       IN
position:   2
isReturn:   false
typeQName:  {http://www.w3.org/2001/XMLSchema}string
javaType:   class java.lang.String
inHeader:   false
outHeader:  false
@96def03<total parameters:3
DEBUG main org.apache.axis.description.OperationDesc - @49c386c8 added parameter >name:       {http://tempuri.org/}u9Org
typeEntry:  null
mode:       IN
position:   3
isReturn:   false
typeQName:  {http://www.w3.org/2001/XMLSchema}string
javaType:   class java.lang.String
inHeader:   false
outHeader:  false
@5ccddd20<total parameters:4
DEBUG main org.apache.axis.description.OperationDesc - @49c386c8setReturnType({http://www.w3.org/2001/XMLSchema}string)
DEBUG main org.apache.axis.description.OperationDesc - @1ed1993a added parameter >name:       {http://tempuri.org/}customerXml
typeEntry:  null
mode:       IN
position:   0
isReturn:   false
typeQName:  {http://www.w3.org/2001/XMLSchema}string
javaType:   class java.lang.String
inHeader:   false
outHeader:  false
@1f3f4916<total parameters:1
DEBUG main org.apache.axis.description.OperationDesc - @1ed1993a added parameter >name:       {http://tempuri.org/}u9User
typeEntry:  null
mode:       IN
position:   1
isReturn:   false
typeQName:  {http://www.w3.org/2001/XMLSchema}string
javaType:   class java.lang.String
inHeader:   false
outHeader:  false
@794cb805<total parameters:2
DEBUG main org.apache.axis.description.OperationDesc - @1ed1993a added parameter >name:       {http://tempuri.org/}u9Pwd
typeEntry:  null
mode:       IN
position:   2
isReturn:   false
typeQName:  {http://www.w3.org/2001/XMLSchema}string
javaType:   class java.lang.String
inHeader:   false
outHeader:  false
@4b5a5ed1<total parameters:3
DEBUG main org.apache.axis.description.OperationDesc - @1ed1993a added parameter >name:       {http://tempuri.org/}u9Org
typeEntry:  null
mode:       IN
position:   3
isReturn:   false
typeQName:  {http://www.w3.org/2001/XMLSchema}string
javaType:   class java.lang.String
inHeader:   false
outHeader:  false
@59d016c9<total parameters:4
DEBUG main org.apache.axis.description.OperationDesc - @1ed1993asetReturnType({http://www.w3.org/2001/XMLSchema}string)
DEBUG main org.apache.axis.description.OperationDesc - @3cc2931c added parameter >name:       {http://tempuri.org/}supplierXml
typeEntry:  null
mode:       IN
position:   0
isReturn:   false
typeQName:  {http://www.w3.org/2001/XMLSchema}string
javaType:   class java.lang.String
inHeader:   false
outHeader:  false
@20d28811<total parameters:1
DEBUG main org.apache.axis.description.OperationDesc - @3cc2931c added parameter >name:       {http://tempuri.org/}u9User
typeEntry:  null
mode:       IN
position:   1
isReturn:   false
typeQName:  {http://www.w3.org/2001/XMLSchema}string
javaType:   class java.lang.String
inHeader:   false
outHeader:  false
@3967e60c<total parameters:2
DEBUG main org.apache.axis.description.OperationDesc - @3cc2931c added parameter >name:       {http://tempuri.org/}u9Pwd
typeEntry:  null
mode:       IN
position:   2
isReturn:   false
typeQName:  {http://www.w3.org/2001/XMLSchema}string
javaType:   class java.lang.String
inHeader:   false
outHeader:  false
@60d8c9b7<total parameters:3
DEBUG main org.apache.axis.description.OperationDesc - @3cc2931c added parameter >name:       {http://tempuri.org/}u9Org
typeEntry:  null
mode:       IN
position:   3
isReturn:   false
typeQName:  {http://www.w3.org/2001/XMLSchema}string
javaType:   class java.lang.String
inHeader:   false
outHeader:  false
@48aaecc3<total parameters:4
DEBUG main org.apache.axis.description.OperationDesc - @3cc2931csetReturnType({http://www.w3.org/2001/XMLSchema}string)
DEBUG main org.apache.axis.description.OperationDesc - @7c0c77c7 added parameter >name:       {http://tempuri.org/}xml
typeEntry:  null
mode:       IN
position:   0
isReturn:   false
typeQName:  {http://www.w3.org/2001/XMLSchema}string
javaType:   class java.lang.String
inHeader:   false
outHeader:  false
@7adda9cc<total parameters:1
DEBUG main org.apache.axis.description.OperationDesc - @7c0c77c7 added parameter >name:       {http://tempuri.org/}u9User
typeEntry:  null
mode:       IN
position:   1
isReturn:   false
typeQName:  {http://www.w3.org/2001/XMLSchema}string
javaType:   class java.lang.String
inHeader:   false
outHeader:  false
@5cee5251<total parameters:2
DEBUG main org.apache.axis.description.OperationDesc - @7c0c77c7 added parameter >name:       {http://tempuri.org/}u9Pwd
typeEntry:  null
mode:       IN
position:   2
isReturn:   false
typeQName:  {http://www.w3.org/2001/XMLSchema}string
javaType:   class java.lang.String
inHeader:   false
outHeader:  false
@433d61fb<total parameters:3
DEBUG main org.apache.axis.description.OperationDesc - @7c0c77c7 added parameter >name:       {http://tempuri.org/}u9Org
typeEntry:  null
mode:       IN
position:   3
isReturn:   false
typeQName:  {http://www.w3.org/2001/XMLSchema}string
javaType:   class java.lang.String
inHeader:   false
outHeader:  false
@5c909414<total parameters:4
DEBUG main org.apache.axis.description.OperationDesc - @7c0c77c7setReturnType({http://www.w3.org/2001/XMLSchema}string)
DEBUG main org.apache.axis.description.OperationDesc - @4b14c583 added parameter >name:       {http://tempuri.org/}xml
typeEntry:  null
mode:       IN
position:   0
isReturn:   false
typeQName:  {http://www.w3.org/2001/XMLSchema}string
javaType:   class java.lang.String
inHeader:   false
outHeader:  false
@65466a6a<total parameters:1
DEBUG main org.apache.axis.description.OperationDesc - @4b14c583 added parameter >name:       {http://tempuri.org/}u9User
typeEntry:  null
mode:       IN
position:   1
isReturn:   false
typeQName:  {http://www.w3.org/2001/XMLSchema}string
javaType:   class java.lang.String
inHeader:   false
outHeader:  false
@4ddced80<total parameters:2
DEBUG main org.apache.axis.description.OperationDesc - @4b14c583 added parameter >name:       {http://tempuri.org/}u9Pwd
typeEntry:  null
mode:       IN
position:   2
isReturn:   false
typeQName:  {http://www.w3.org/2001/XMLSchema}string
javaType:   class java.lang.String
inHeader:   false
outHeader:  false
@1534f01b<total parameters:3
DEBUG main org.apache.axis.description.OperationDesc - @4b14c583 added parameter >name:       {http://tempuri.org/}u9Org
typeEntry:  null
mode:       IN
position:   3
isReturn:   false
typeQName:  {http://www.w3.org/2001/XMLSchema}string
javaType:   class java.lang.String
inHeader:   false
outHeader:  false
@78e117e3<total parameters:4
DEBUG main org.apache.axis.description.OperationDesc - @4b14c583setReturnType({http://www.w3.org/2001/XMLSchema}string)
DEBUG main org.apache.axis.description.OperationDesc - @2ea227af added parameter >name:       {http://tempuri.org/}xml
typeEntry:  null
mode:       IN
position:   0
isReturn:   false
typeQName:  {http://www.w3.org/2001/XMLSchema}string
javaType:   class java.lang.String
inHeader:   false
outHeader:  false
@4386f16<total parameters:1
DEBUG main org.apache.axis.description.OperationDesc - @2ea227af added parameter >name:       {http://tempuri.org/}u9User
typeEntry:  null
mode:       IN
position:   1
isReturn:   false
typeQName:  {http://www.w3.org/2001/XMLSchema}string
javaType:   class java.lang.String
inHeader:   false
outHeader:  false
@363ee3a2<total parameters:2
DEBUG main org.apache.axis.description.OperationDesc - @2ea227af added parameter >name:       {http://tempuri.org/}u9Pwd
typeEntry:  null
mode:       IN
position:   2
isReturn:   false
typeQName:  {http://www.w3.org/2001/XMLSchema}string
javaType:   class java.lang.String
inHeader:   false
outHeader:  false
@4690b489<total parameters:3
DEBUG main org.apache.axis.description.OperationDesc - @2ea227af added parameter >name:       {http://tempuri.org/}u9Org
typeEntry:  null
mode:       IN
position:   3
isReturn:   false
typeQName:  {http://www.w3.org/2001/XMLSchema}string
javaType:   class java.lang.String
inHeader:   false
outHeader:  false
@79b06cab<total parameters:4
DEBUG main org.apache.axis.description.OperationDesc - @2ea227afsetReturnType({http://www.w3.org/2001/XMLSchema}string)
DEBUG main org.apache.axis.description.OperationDesc - @3eb7fc54 added parameter >name:       {http://tempuri.org/}xml
typeEntry:  null
mode:       IN
position:   0
isReturn:   false
typeQName:  {http://www.w3.org/2001/XMLSchema}string
javaType:   class java.lang.String
inHeader:   false
outHeader:  false
@7f552bd3<total parameters:1
DEBUG main org.apache.axis.description.OperationDesc - @3eb7fc54 added parameter >name:       {http://tempuri.org/}u9User
typeEntry:  null
mode:       IN
position:   1
isReturn:   false
typeQName:  {http://www.w3.org/2001/XMLSchema}string
javaType:   class java.lang.String
inHeader:   false
outHeader:  false
@3c22fc4c<total parameters:2
DEBUG main org.apache.axis.description.OperationDesc - @3eb7fc54 added parameter >name:       {http://tempuri.org/}u9Pwd
typeEntry:  null
mode:       IN
position:   2
isReturn:   false
typeQName:  {http://www.w3.org/2001/XMLSchema}string
javaType:   class java.lang.String
inHeader:   false
outHeader:  false
@460d0a57<total parameters:3
DEBUG main org.apache.axis.description.OperationDesc - @3eb7fc54 added parameter >name:       {http://tempuri.org/}u9Org
typeEntry:  null
mode:       IN
position:   3
isReturn:   false
typeQName:  {http://www.w3.org/2001/XMLSchema}string
javaType:   class java.lang.String
inHeader:   false
outHeader:  false
@47d90b9e<total parameters:4
DEBUG main org.apache.axis.description.OperationDesc - @3eb7fc54setReturnType({http://www.w3.org/2001/XMLSchema}string)
DEBUG main org.apache.axis.description.OperationDesc - @1184ab05 added parameter >name:       {http://tempuri.org/}xml
typeEntry:  null
mode:       IN
position:   0
isReturn:   false
typeQName:  {http://www.w3.org/2001/XMLSchema}string
javaType:   class java.lang.String
inHeader:   false
outHeader:  false
@3aefe5e5<total parameters:1
DEBUG main org.apache.axis.description.OperationDesc - @1184ab05 added parameter >name:       {http://tempuri.org/}u9User
typeEntry:  null
mode:       IN
position:   1
isReturn:   false
typeQName:  {http://www.w3.org/2001/XMLSchema}string
javaType:   class java.lang.String
inHeader:   false
outHeader:  false
@149e0f5d<total parameters:2
DEBUG main org.apache.axis.description.OperationDesc - @1184ab05 added parameter >name:       {http://tempuri.org/}u9Pwd
typeEntry:  null
mode:       IN
position:   2
isReturn:   false
typeQName:  {http://www.w3.org/2001/XMLSchema}string
javaType:   class java.lang.String
inHeader:   false
outHeader:  false
@1b1473ab<total parameters:3
DEBUG main org.apache.axis.description.OperationDesc - @1184ab05 added parameter >name:       {http://tempuri.org/}u9Org
typeEntry:  null
mode:       IN
position:   3
isReturn:   false
typeQName:  {http://www.w3.org/2001/XMLSchema}string
javaType:   class java.lang.String
inHeader:   false
outHeader:  false
@2f7c2f4f<total parameters:4
DEBUG main org.apache.axis.description.OperationDesc - @1184ab05setReturnType({http://www.w3.org/2001/XMLSchema}string)
DEBUG main org.apache.axis.description.OperationDesc - @6af93788 added parameter >name:       {http://tempuri.org/}xml
typeEntry:  null
mode:       IN
position:   0
isReturn:   false
typeQName:  {http://www.w3.org/2001/XMLSchema}string
javaType:   class java.lang.String
inHeader:   false
outHeader:  false
@ef9296d<total parameters:1
DEBUG main org.apache.axis.description.OperationDesc - @6af93788 added parameter >name:       {http://tempuri.org/}u9User
typeEntry:  null
mode:       IN
position:   1
isReturn:   false
typeQName:  {http://www.w3.org/2001/XMLSchema}string
javaType:   class java.lang.String
inHeader:   false
outHeader:  false
@36c88a32<total parameters:2
DEBUG main org.apache.axis.description.OperationDesc - @6af93788 added parameter >name:       {http://tempuri.org/}u9Pwd
typeEntry:  null
mode:       IN
position:   2
isReturn:   false
typeQName:  {http://www.w3.org/2001/XMLSchema}string
javaType:   class java.lang.String
inHeader:   false
outHeader:  false
@7880cdf3<total parameters:3
DEBUG main org.apache.axis.description.OperationDesc - @6af93788 added parameter >name:       {http://tempuri.org/}u9Org
typeEntry:  null
mode:       IN
position:   3
isReturn:   false
typeQName:  {http://www.w3.org/2001/XMLSchema}string
javaType:   class java.lang.String
inHeader:   false
outHeader:  false
@5be6e01c<total parameters:4
DEBUG main org.apache.axis.description.OperationDesc - @6af93788setReturnType({http://www.w3.org/2001/XMLSchema}string)
DEBUG main org.apache.axis.description.OperationDesc - @1c93084c added parameter >name:       {http://tempuri.org/}xml
typeEntry:  null
mode:       IN
position:   0
isReturn:   false
typeQName:  {http://www.w3.org/2001/XMLSchema}string
javaType:   class java.lang.String
inHeader:   false
outHeader:  false
@6ef888f6<total parameters:1
DEBUG main org.apache.axis.description.OperationDesc - @1c93084c added parameter >name:       {http://tempuri.org/}u9User
typeEntry:  null
mode:       IN
position:   1
isReturn:   false
typeQName:  {http://www.w3.org/2001/XMLSchema}string
javaType:   class java.lang.String
inHeader:   false
outHeader:  false
@10e92f8f<total parameters:2
DEBUG main org.apache.axis.description.OperationDesc - @1c93084c added parameter >name:       {http://tempuri.org/}u9Pwd
typeEntry:  null
mode:       IN
position:   2
isReturn:   false
typeQName:  {http://www.w3.org/2001/XMLSchema}string
javaType:   class java.lang.String
inHeader:   false
outHeader:  false
@7ce3cb8e<total parameters:3
DEBUG main org.apache.axis.description.OperationDesc - @1c93084c added parameter >name:       {http://tempuri.org/}u9Org
typeEntry:  null
mode:       IN
position:   3
isReturn:   false
typeQName:  {http://www.w3.org/2001/XMLSchema}string
javaType:   class java.lang.String
inHeader:   false
outHeader:  false
@78b66d36<total parameters:4
DEBUG main org.apache.axis.description.OperationDesc - @1c93084csetReturnType({http://www.w3.org/2001/XMLSchema}string)
DEBUG main org.apache.axis.description.OperationDesc - @5223e5ee added parameter >name:       {http://tempuri.org/}payXml
typeEntry:  null
mode:       IN
position:   0
isReturn:   false
typeQName:  {http://www.w3.org/2001/XMLSchema}string
javaType:   class java.lang.String
inHeader:   false
outHeader:  false
@bef2d72<total parameters:1
DEBUG main org.apache.axis.description.OperationDesc - @5223e5ee added parameter >name:       {http://tempuri.org/}u9User
typeEntry:  null
mode:       IN
position:   1
isReturn:   false
typeQName:  {http://www.w3.org/2001/XMLSchema}string
javaType:   class java.lang.String
inHeader:   false
outHeader:  false
@69b2283a<total parameters:2
DEBUG main org.apache.axis.description.OperationDesc - @5223e5ee added parameter >name:       {http://tempuri.org/}u9Pwd
typeEntry:  null
mode:       IN
position:   2
isReturn:   false
typeQName:  {http://www.w3.org/2001/XMLSchema}string
javaType:   class java.lang.String
inHeader:   false
outHeader:  false
@22a637e7<total parameters:3
DEBUG main org.apache.axis.description.OperationDesc - @5223e5ee added parameter >name:       {http://tempuri.org/}u9Org
typeEntry:  null
mode:       IN
position:   3
isReturn:   false
typeQName:  {http://www.w3.org/2001/XMLSchema}string
javaType:   class java.lang.String
inHeader:   false
outHeader:  false
@6fe7aac8<total parameters:4
DEBUG main org.apache.axis.description.OperationDesc - @5223e5eesetReturnType({http://www.w3.org/2001/XMLSchema}string)
DEBUG main org.apache.axis.description.OperationDesc - @1d119efb added parameter >name:       {http://tempuri.org/}xml
typeEntry:  null
mode:       IN
position:   0
isReturn:   false
typeQName:  {http://www.w3.org/2001/XMLSchema}string
javaType:   class java.lang.String
inHeader:   false
outHeader:  false
@659a969b<total parameters:1
DEBUG main org.apache.axis.description.OperationDesc - @1d119efb added parameter >name:       {http://tempuri.org/}u9User
typeEntry:  null
mode:       IN
position:   1
isReturn:   false
typeQName:  {http://www.w3.org/2001/XMLSchema}string
javaType:   class java.lang.String
inHeader:   false
outHeader:  false
@76908cc0<total parameters:2
DEBUG main org.apache.axis.description.OperationDesc - @1d119efb added parameter >name:       {http://tempuri.org/}u9Pwd
typeEntry:  null
mode:       IN
position:   2
isReturn:   false
typeQName:  {http://www.w3.org/2001/XMLSchema}string
javaType:   class java.lang.String
inHeader:   false
outHeader:  false
@2473d930<total parameters:3
DEBUG main org.apache.axis.description.OperationDesc - @1d119efb added parameter >name:       {http://tempuri.org/}u9Org
typeEntry:  null
mode:       IN
position:   3
isReturn:   false
typeQName:  {http://www.w3.org/2001/XMLSchema}string
javaType:   class java.lang.String
inHeader:   false
outHeader:  false
@35047d03<total parameters:4
DEBUG main org.apache.axis.description.OperationDesc - @1d119efbsetReturnType({http://www.w3.org/2001/XMLSchema}string)
DEBUG main org.apache.axis.description.OperationDesc - @49b0b76 added parameter >name:       {http://tempuri.org/}xml
typeEntry:  null
mode:       IN
position:   0
isReturn:   false
typeQName:  {http://www.w3.org/2001/XMLSchema}string
javaType:   class java.lang.String
inHeader:   false
outHeader:  false
@769f71a9<total parameters:1
DEBUG main org.apache.axis.description.OperationDesc - @49b0b76 added parameter >name:       {http://tempuri.org/}u9User
typeEntry:  null
mode:       IN
position:   1
isReturn:   false
typeQName:  {http://www.w3.org/2001/XMLSchema}string
javaType:   class java.lang.String
inHeader:   false
outHeader:  false
@4c9f8c13<total parameters:2
DEBUG main org.apache.axis.description.OperationDesc - @49b0b76 added parameter >name:       {http://tempuri.org/}u9Pwd
typeEntry:  null
mode:       IN
position:   2
isReturn:   false
typeQName:  {http://www.w3.org/2001/XMLSchema}string
javaType:   class java.lang.String
inHeader:   false
outHeader:  false
@5ae50ce6<total parameters:3
DEBUG main org.apache.axis.description.OperationDesc - @49b0b76 added parameter >name:       {http://tempuri.org/}u9Org
typeEntry:  null
mode:       IN
position:   3
isReturn:   false
typeQName:  {http://www.w3.org/2001/XMLSchema}string
javaType:   class java.lang.String
inHeader:   false
outHeader:  false
@6f96c77<total parameters:4
DEBUG main org.apache.axis.description.OperationDesc - @49b0b76setReturnType({http://www.w3.org/2001/XMLSchema}string)
DEBUG main org.apache.axis.description.OperationDesc - @be64738 added parameter >name:       {http://tempuri.org/}xml
typeEntry:  null
mode:       IN
position:   0
isReturn:   false
typeQName:  {http://www.w3.org/2001/XMLSchema}string
javaType:   class java.lang.String
inHeader:   false
outHeader:  false
@3ba9ad43<total parameters:1
DEBUG main org.apache.axis.description.OperationDesc - @be64738 added parameter >name:       {http://tempuri.org/}u9User
typeEntry:  null
mode:       IN
position:   1
isReturn:   false
typeQName:  {http://www.w3.org/2001/XMLSchema}string
javaType:   class java.lang.String
inHeader:   false
outHeader:  false
@49d904ec<total parameters:2
DEBUG main org.apache.axis.description.OperationDesc - @be64738 added parameter >name:       {http://tempuri.org/}u9Pwd
typeEntry:  null
mode:       IN
position:   2
isReturn:   false
typeQName:  {http://www.w3.org/2001/XMLSchema}string
javaType:   class java.lang.String
inHeader:   false
outHeader:  false
@48e4374<total parameters:3
DEBUG main org.apache.axis.description.OperationDesc - @be64738 added parameter >name:       {http://tempuri.org/}u9Org
typeEntry:  null
mode:       IN
position:   3
isReturn:   false
typeQName:  {http://www.w3.org/2001/XMLSchema}string
javaType:   class java.lang.String
inHeader:   false
outHeader:  false
@3d680b5a<total parameters:4
DEBUG main org.apache.axis.description.OperationDesc - @be64738setReturnType({http://www.w3.org/2001/XMLSchema}string)
